{
  "RSpec": {
    "coverage": {
      "/Users/nicknish/Projects/feature_tracer/spec/controllers/main_controller_spec.rb": [
        1,
        null,
        1,
        null,
        1,
        1,
        1,
        1,
        null,
        null,
        null,
        null
      ],
      "/Users/nicknish/Projects/feature_tracer/spec/rails_helper.rb": [
        null,
        1,
        1,
        1,
        null,
        1,
        1,
        null,
        null,
        null,
        null,
        null,
        null,
        null,
        null,
        null,
        null,
        null,
        null,
        null,
        null,
        null,
        null,
        null,
        null,
        null,
        1,
        1,
        null,
        0,
        0,
        null,
        1,
        null,
        1,
        null,
        null,
        null,
        null,
        1,
        null,
        null,
        null,
        null,
        null,
        null,
        null,
        null,
        null,
        null,
        null,
        null,
        null,
        null,
        1,
        null,
        null,
        1,
        null,
        null,
        null
      ],
      "/Users/nicknish/Projects/feature_tracer/config/environment.rb": [
        null,
        1,
        null,
        null,
        1
      ],
      "/Users/nicknish/Projects/feature_tracer/config/application.rb": [
        1,
        null,
        1,
        null,
        1,
        1,
        1,
        1,
        1,
        1,
        1,
        1,
        1,
        null,
        null,
        null,
        null,
        1,
        null,
        1,
        1,
        null,
        1,
        null,
        null,
        null,
        null,
        null,
        null,
        null,
        1,
        null,
        null
      ],
      "/Users/nicknish/Projects/feature_tracer/config/boot.rb": [
        1,
        null,
        1,
        1
      ],
      "/Users/nicknish/Projects/feature_tracer/config/environments/test.rb": [
        1,
        null,
        null,
        null,
        null,
        null,
        null,
        1,
        null,
        null,
        null,
        null,
        1,
        null,
        null,
        1,
        1,
        null,
        null,
        null,
        null,
        1,
        1,
        null,
        null,
        1,
        null,
        null,
        1,
        null,
        null,
        1,
        null,
        1,
        null,
        null,
        null,
        null,
        1,
        null,
        null,
        1,
        null,
        null,
        null,
        null
      ],
      "/Users/nicknish/Projects/feature_tracer/config/initializers/application_controller_renderer.rb": [
        null,
        null,
        null,
        null,
        null,
        null,
        null,
        null
      ],
      "/Users/nicknish/Projects/feature_tracer/config/initializers/aspects.rb": [
        1,
        1,
        null,
        null,
        1,
        null,
        null,
        1,
        1,
        null,
        1,
        null,
        null,
        null,
        null,
        1,
        4,
        null,
        4,
        null,
        null,
        null,
        4,
        3,
        null,
        null,
        null,
        null,
        4,
        null,
        null,
        null,
        4,
        3,
        null,
        null,
        null,
        null,
        4,
        null,
        4,
        null,
        4,
        null,
        16,
        0,
        null,
        null,
        4,
        null,
        4,
        null,
        null
      ],
      "/Users/nicknish/Projects/feature_tracer/app/channels/application_cable/channel.rb": [
        1,
        1,
        null,
        null
      ],
      "/Users/nicknish/Projects/feature_tracer/app/channels/application_cable/connection.rb": [
        1,
        1,
        null,
        null
      ],
      "/Users/nicknish/Projects/feature_tracer/app/controllers/application_controller.rb": [
        1,
        null
      ],
      "/Users/nicknish/Projects/feature_tracer/app/helpers/application_helper.rb": [
        1,
        null
      ],
      "/Users/nicknish/Projects/feature_tracer/app/helpers/main_helper.rb": [
        1,
        null
      ],
      "/Users/nicknish/Projects/feature_tracer/app/helpers/posts_helper.rb": [
        1,
        null
      ],
      "/Users/nicknish/Projects/feature_tracer/app/controllers/main_controller.rb": [
        1,
        1,
        null,
        null
      ],
      "/Users/nicknish/Projects/feature_tracer/app/controllers/posts_controller.rb": [
        1,
        1,
        null,
        null,
        null,
        1,
        0,
        null,
        null,
        null,
        null,
        1,
        null,
        null,
        null,
        1,
        0,
        null,
        null,
        null,
        1,
        null,
        null,
        null,
        null,
        1,
        0,
        null,
        0,
        0,
        0,
        0,
        null,
        0,
        0,
        null,
        null,
        null,
        null,
        null,
        null,
        1,
        0,
        0,
        0,
        0,
        null,
        0,
        0,
        null,
        null,
        null,
        null,
        null,
        null,
        1,
        0,
        0,
        0,
        0,
        null,
        null,
        null,
        1,
        null,
        1,
        0,
        null,
        null,
        null,
        1,
        0,
        null,
        null
      ],
      "/Users/nicknish/Projects/feature_tracer/app/jobs/application_job.rb": [
        1,
        null
      ],
      "/Users/nicknish/Projects/feature_tracer/app/mailers/application_mailer.rb": [
        1,
        1,
        1,
        null
      ],
      "/Users/nicknish/Projects/feature_tracer/app/models/application_record.rb": [
        1,
        1,
        null
      ],
      "/Users/nicknish/Projects/feature_tracer/app/models/post.rb": [
        1,
        1,
        null,
        1,
        1,
        null,
        null,
        1,
        1,
        null,
        null,
        1,
        1,
        null,
        null
      ],
      "/Users/nicknish/Projects/feature_tracer/config/initializers/assets.rb": [
        null,
        null,
        null,
        1,
        null,
        null,
        null,
        null,
        1,
        null,
        null,
        null,
        null,
        null
      ],
      "/Users/nicknish/Projects/feature_tracer/config/initializers/backtrace_silencers.rb": [
        null,
        null,
        null,
        null,
        null,
        null,
        null
      ],
      "/Users/nicknish/Projects/feature_tracer/config/initializers/content_security_policy.rb": [
        null,
        null,
        null,
        null,
        null,
        null,
        null,
        null,
        null,
        null,
        null,
        null,
        null,
        null,
        null,
        null,
        null,
        null,
        null,
        null,
        null,
        null,
        null,
        null,
        null
      ],
      "/Users/nicknish/Projects/feature_tracer/config/initializers/cookies_serializer.rb": [
        null,
        null,
        null,
        null,
        1
      ],
      "/Users/nicknish/Projects/feature_tracer/config/initializers/filter_parameter_logging.rb": [
        null,
        null,
        null,
        1
      ],
      "/Users/nicknish/Projects/feature_tracer/config/initializers/inflections.rb": [
        null,
        null,
        null,
        null,
        null,
        null,
        null,
        null,
        null,
        null,
        null,
        null,
        null,
        null,
        null,
        null
      ],
      "/Users/nicknish/Projects/feature_tracer/config/initializers/mime_types.rb": [
        null,
        null,
        null,
        null
      ],
      "/Users/nicknish/Projects/feature_tracer/config/initializers/wrap_parameters.rb": [
        null,
        null,
        null,
        null,
        null,
        null,
        1,
        2,
        null,
        null,
        null,
        null,
        null,
        null
      ],
      "/Users/nicknish/Projects/feature_tracer/config/routes.rb": [
        1,
        1,
        null,
        1,
        null
      ],
      "/Users/nicknish/Projects/feature_tracer/spec/helpers/main_helper_spec.rb": [
        1,
        null,
        null,
        null,
        null,
        null,
        null,
        null,
        null,
        null,
        null,
        null,
        1,
        null,
        null
      ],
      "/Users/nicknish/Projects/feature_tracer/spec/models/post_spec.rb": [
        1,
        null,
        1,
        5,
        null,
        1,
        1,
        null,
        null,
        1,
        1,
        1,
        null,
        null,
        null,
        1,
        1,
        1,
        null,
        null,
        null,
        1,
        1,
        1,
        null,
        null,
        null,
        null,
        null
      ],
      "/Users/nicknish/Projects/feature_tracer/spec/views/main/index.html.erb_spec.rb": [
        1,
        null,
        1,
        null,
        null
      ]
    },
    "timestamp": 1586189139
  }
}
